[V_me_all] -- VPoser dataset already exists at _data/datasets/first-run
[V_me_all] -- Total Trainable Parameters Count in vp_model is 0.94 M.
[V_me_all] -- Created a git archive backup at _data/_runs/V_me_all/code/vposer_2025_09_07_16_28_53.tar.gz
[V_me_all] -- VPoser dataset already exists at _data/datasets/first-run
[V_me_all] -- Total Trainable Parameters Count in vp_model is 0.94 M.
[V_me_all] -- Created a git archive backup at _data/_runs/V_me_all/code/vposer_2025_09_07_16_31_23.tar.gz
[V_me_all] -- VPoser dataset already exists at _data/datasets/first-run
[V_me_all] -- Total Trainable Parameters Count in vp_model is 0.94 M.
[V_me_all] -- Created a git archive backup at _data/_runs/V_me_all/code/vposer_2025_09_07_16_32_28.tar.gz
[V_me_all] -- VPoser dataset already exists at _data/datasets/first-run
[V_me_all] -- Total Trainable Parameters Count in vp_model is 0.94 M.
[V_me_all] -- Created a git archive backup at _data/_runs/V_me_all/code/vposer_2025_09_07_16_33_00.tar.gz
[V_me_all] -- VPoser dataset already exists at _data/datasets/first-run
[V_me_all] -- Total Trainable Parameters Count in vp_model is 0.94 M.
[V_me_all] -- Created a git archive backup at _data/_runs/V_me_all/code/vposer_2025_09_07_16_33_27.tar.gz
[V_me_all] -- VPoser dataset already exists at _data/datasets/first-run
[V_me_all] -- Total Trainable Parameters Count in vp_model is 0.94 M.
[V_me_all] -- Created a git archive backup at _data/_runs/V_me_all/code/vposer_2025_09_07_16_34_19.tar.gz
[V_me_all] -- VPoser dataset already exists at _data/datasets/first-run
[V_me_all] -- Total Trainable Parameters Count in vp_model is 0.94 M.
[V_me_all] -- Created a git archive backup at _data/_runs/V_me_all/code/vposer_2025_09_07_16_38_28.tar.gz
[V_me_all] -- VPoser dataset already exists at _data/datasets/first-run
[V_me_all] -- Total Trainable Parameters Count in vp_model is 0.94 M.
[V_me_all] -- Created a git archive backup at _data/_runs/V_me_all/code/vposer_2025_09_07_16_48_19.tar.gz
[V_me_all] -- VPoser dataset already exists at _data/datasets/first-run
[V_me_all] -- Total Trainable Parameters Count in vp_model is 0.94 M.
[V_me_all] -- Created a git archive backup at _data/_runs/V_me_all/code/vposer_2025_09_07_16_49_20.tar.gz
[V_me_all] -- VPoser dataset already exists at _data/datasets/first-run
[V_me_all] -- Total Trainable Parameters Count in vp_model is 0.94 M.
[V_me_all] -- Created a git archive backup at _data/_runs/V_me_all/code/vposer_2025_09_07_16_53_10.tar.gz
[V_me_all] -- VPoser dataset already exists at _data/datasets/first-run
[V_me_all] -- Total Trainable Parameters Count in vp_model is 0.94 M.
[V_me_all] -- Created a git archive backup at _data/_runs/V_me_all/code/vposer_2025_09_07_16_54_06.tar.gz
[V_me_all] -- VPoser dataset already exists at _data/datasets/first-run
[V_me_all] -- Total Trainable Parameters Count in vp_model is 0.94 M.
[V_me_all] -- Created a git archive backup at _data/_runs/V_me_all/code/vposer_2025_09_07_16_54_22.tar.gz
[V_me_all] -- VPoser dataset already exists at _data/datasets/first-run
[V_me_all] -- Total Trainable Parameters Count in vp_model is 0.94 M.
[V_me_all] -- Created a git archive backup at _data/_runs/V_me_all/code/vposer_2025_09_07_16_55_08.tar.gz
[V_me_all] -- VPoser dataset already exists at _data/datasets/first-run
[V_me_all] -- Total Trainable Parameters Count in vp_model is 0.94 M.
[V_me_all] -- Created a git archive backup at _data/_runs/V_me_all/code/vposer_2025_09_07_16_56_12.tar.gz
[V_me_all] -- VPoser dataset already exists at _data/datasets/first-run
[V_me_all] -- Total Trainable Parameters Count in vp_model is 0.94 M.
[V_me_all] -- Created a git archive backup at _data/_runs/V_me_all/code/vposer_2025_09_07_16_56_29.tar.gz
[V_me_all] -- VPoser dataset already exists at _data/datasets/first-run
[V_me_all] -- Total Trainable Parameters Count in vp_model is 0.94 M.
[V_me_all] -- Created a git archive backup at _data/_runs/V_me_all/code/vposer_2025_09_07_16_57_14.tar.gz
[V_me_all] -- VPoser dataset already exists at _data/datasets/first-run
[V_me_all] -- Total Trainable Parameters Count in vp_model is 0.94 M.
[V_me_all] -- Created a git archive backup at _data/_runs/V_me_all/code/vposer_2025_09_07_16_58_15.tar.gz
[V_me_all] -- Epoch 18 - Finished training at 2025_09_07_17_07_10 after 0:08:55
[V_me_all] -- best_model_fname: _data/_runs/V_me_all/snapshots/V_me_all_epoch=07_val_loss=0.05.ckpt
